# JRE version: Java(TM) SE Runtime Environment (8.0_181-b13) (build 1.8.0_181-b13)
# Java VM: Java HotSpot(TM) 64-Bit Server VM (25.181-b13 mixed mode windows-amd64 compressed oops)
Heap:
 PSYoungGen      total 360960K, used 288571K [0x00000000d5c00000, 0x00000000eda00000, 0x0000000100000000)
  eden space 343040K, 82% used [0x00000000d5c00000,0x00000000e6f3b4f8,0x00000000eab00000)
  from space 17920K, 37% used [0x00000000ebc00000,0x00000000ec293710,0x00000000ecd80000)
  to   space 17408K, 0% used [0x00000000eab00000,0x00000000eab00000,0x00000000ebc00000)
 ParOldGen       total 96768K, used 33850K [0x0000000081400000, 0x0000000087280000, 0x00000000d5c00000)
  object space 96768K, 34% used [0x0000000081400000,0x000000008350e9e8,0x0000000087280000)
 Metaspace       used 48044K, capacity 49342K, committed 49536K, reserved 1093632K
  class space    used 5896K, capacity 6181K, committed 6272K, reserved 1048576K
GC Heap History (10 events):
Event: 1084.669 GC heap before
{Heap before GC invocations=21 (full 4):
 PSYoungGen      total 335360K, used 2990K [0x00000000d5c00000, 0x00000000ece80000, 0x0000000100000000)
  eden space 317952K, 0% used [0x00000000d5c00000,0x00000000d5c00000,0x00000000e9280000)
  from space 17408K, 17% used [0x00000000e9280000,0x00000000e956b840,0x00000000ea380000)
  to   space 17920K, 0% used [0x00000000ebd00000,0x00000000ebd00000,0x00000000ece80000)
 ParOldGen       total 96768K, used 30312K [0x0000000081400000, 0x0000000087280000, 0x00000000d5c00000)
  object space 96768K, 31% used [0x0000000081400000,0x000000008319a058,0x0000000087280000)
 Metaspace       used 47245K, capacity 48298K, committed 48640K, reserved 1091584K
  class space    used 5791K, capacity 6030K, committed 6144K, reserved 1048576K
Event: 1085.052 GC heap after
Heap after GC invocations=21 (full 4):
 PSYoungGen      total 335360K, used 0K [0x00000000d5c00000, 0x00000000ece80000, 0x0000000100000000)
  eden space 317952K, 0% used [0x00000000d5c00000,0x00000000d5c00000,0x00000000e9280000)
  from space 17408K, 0% used [0x00000000e9280000,0x00000000e9280000,0x00000000ea380000)
  to   space 17920K, 0% used [0x00000000ebd00000,0x00000000ebd00000,0x00000000ece80000)
 ParOldGen       total 96768K, used 32034K [0x0000000081400000, 0x0000000087280000, 0x00000000d5c00000)
  object space 96768K, 33% used [0x0000000081400000,0x0000000083348b18,0x0000000087280000)
 Metaspace       used 47245K, capacity 48298K, committed 48640K, reserved 1091584K
  class space    used 5791K, capacity 6030K, committed 6144K, reserved 1048576K
}
Event: 1140.400 GC heap before
{Heap before GC invocations=22 (full 4):
 PSYoungGen      total 335360K, used 317952K [0x00000000d5c00000, 0x00000000ece80000, 0x0000000100000000)
  eden space 317952K, 100% used [0x00000000d5c00000,0x00000000e9280000,0x00000000e9280000)
  from space 17408K, 0% used [0x00000000e9280000,0x00000000e9280000,0x00000000ea380000)
  to   space 17920K, 0% used [0x00000000ebd00000,0x00000000ebd00000,0x00000000ece80000)
 ParOldGen       total 96768K, used 32034K [0x0000000081400000, 0x0000000087280000, 0x00000000d5c00000)
  object space 96768K, 33% used [0x0000000081400000,0x0000000083348b18,0x0000000087280000)
 Metaspace       used 47674K, capacity 48874K, committed 49152K, reserved 1091584K
  class space    used 5849K, capacity 6114K, committed 6144K, reserved 1048576K
Event: 1140.413 GC heap after
Heap after GC invocations=22 (full 4):
 PSYoungGen      total 358400K, used 6701K [0x00000000d5c00000, 0x00000000ecc80000, 0x0000000100000000)
  eden space 342528K, 0% used [0x00000000d5c00000,0x00000000d5c00000,0x00000000eaa80000)
  from space 15872K, 42% used [0x00000000ebd00000,0x00000000ec38b780,0x00000000ecc80000)
  to   space 17408K, 0% used [0x00000000eaa80000,0x00000000eaa80000,0x00000000ebb80000)
 ParOldGen       total 96768K, used 32042K [0x0000000081400000, 0x0000000087280000, 0x00000000d5c00000)
  object space 96768K, 33% used [0x0000000081400000,0x000000008334ab18,0x0000000087280000)
 Metaspace       used 47674K, capacity 48874K, committed 49152K, reserved 1091584K
  class space    used 5849K, capacity 6114K, committed 6144K, reserved 1048576K
}
Event: 1172.750 GC heap before
{Heap before GC invocations=23 (full 4):
 PSYoungGen      total 358400K, used 57550K [0x00000000d5c00000, 0x00000000ecc80000, 0x0000000100000000)
  eden space 342528K, 14% used [0x00000000d5c00000,0x00000000d8da8228,0x00000000eaa80000)
  from space 15872K, 42% used [0x00000000ebd00000,0x00000000ec38b780,0x00000000ecc80000)
  to   space 17408K, 0% used [0x00000000eaa80000,0x00000000eaa80000,0x00000000ebb80000)
 ParOldGen       total 96768K, used 32042K [0x0000000081400000, 0x0000000087280000, 0x00000000d5c00000)
  object space 96768K, 33% used [0x0000000081400000,0x000000008334ab18,0x0000000087280000)
 Metaspace       used 47676K, capacity 48880K, committed 49152K, reserved 1091584K
  class space    used 5849K, capacity 6116K, committed 6144K, reserved 1048576K
Event: 1172.755 GC heap after
Heap after GC invocations=23 (full 4):
 PSYoungGen      total 359936K, used 2974K [0x00000000d5c00000, 0x00000000ecd80000, 0x0000000100000000)
  eden space 342528K, 0% used [0x00000000d5c00000,0x00000000d5c00000,0x00000000eaa80000)
  from space 17408K, 17% used [0x00000000eaa80000,0x00000000ead67850,0x00000000ebb80000)
  to   space 17920K, 0% used [0x00000000ebc00000,0x00000000ebc00000,0x00000000ecd80000)
 ParOldGen       total 96768K, used 32050K [0x0000000081400000, 0x0000000087280000, 0x00000000d5c00000)
  object space 96768K, 33% used [0x0000000081400000,0x000000008334cb18,0x0000000087280000)
 Metaspace       used 47676K, capacity 48880K, committed 49152K, reserved 1091584K
  class space    used 5849K, capacity 6116K, committed 6144K, reserved 1048576K
}
Event: 1172.755 GC heap before
{Heap before GC invocations=24 (full 5):
 PSYoungGen      total 359936K, used 2974K [0x00000000d5c00000, 0x00000000ecd80000, 0x0000000100000000)
  eden space 342528K, 0% used [0x00000000d5c00000,0x00000000d5c00000,0x00000000eaa80000)
  from space 17408K, 17% used [0x00000000eaa80000,0x00000000ead67850,0x00000000ebb80000)
  to   space 17920K, 0% used [0x00000000ebc00000,0x00000000ebc00000,0x00000000ecd80000)
 ParOldGen       total 96768K, used 32050K [0x0000000081400000, 0x0000000087280000, 0x00000000d5c00000)
  object space 96768K, 33% used [0x0000000081400000,0x000000008334cb18,0x0000000087280000)
 Metaspace       used 47676K, capacity 48880K, committed 49152K, reserved 1091584K
  class space    used 5849K, capacity 6116K, committed 6144K, reserved 1048576K
Event: 1173.063 GC heap after
Heap after GC invocations=24 (full 5):
 PSYoungGen      total 359936K, used 0K [0x00000000d5c00000, 0x00000000ecd80000, 0x0000000100000000)
  eden space 342528K, 0% used [0x00000000d5c00000,0x00000000d5c00000,0x00000000eaa80000)
  from space 17408K, 0% used [0x00000000eaa80000,0x00000000eaa80000,0x00000000ebb80000)
  to   space 17920K, 0% used [0x00000000ebc00000,0x00000000ebc00000,0x00000000ecd80000)
 ParOldGen       total 96768K, used 33842K [0x0000000081400000, 0x0000000087280000, 0x00000000d5c00000)
  object space 96768K, 34% used [0x0000000081400000,0x000000008350c9e8,0x0000000087280000)
 Metaspace       used 47676K, capacity 48880K, committed 49152K, reserved 1091584K
  class space    used 5849K, capacity 6116K, committed 6144K, reserved 1048576K
}
Event: 1257.247 GC heap before
{Heap before GC invocations=25 (full 5):
 PSYoungGen      total 359936K, used 342528K [0x00000000d5c00000, 0x00000000ecd80000, 0x0000000100000000)
  eden space 342528K, 100% used [0x00000000d5c00000,0x00000000eaa80000,0x00000000eaa80000)
  from space 17408K, 0% used [0x00000000eaa80000,0x00000000eaa80000,0x00000000ebb80000)
  to   space 17920K, 0% used [0x00000000ebc00000,0x00000000ebc00000,0x00000000ecd80000)
 ParOldGen       total 96768K, used 33842K [0x0000000081400000, 0x0000000087280000, 0x00000000d5c00000)
  object space 96768K, 34% used [0x0000000081400000,0x000000008350c9e8,0x0000000087280000)
 Metaspace       used 48003K, capacity 49258K, committed 49536K, reserved 1093632K
  class space    used 5888K, capacity 6167K, committed 6272K, reserved 1048576K
Event: 1257.257 GC heap after
Heap after GC invocations=25 (full 5):
 PSYoungGen      total 360960K, used 6733K [0x00000000d5c00000, 0x00000000eda00000, 0x0000000100000000)
  eden space 343040K, 0% used [0x00000000d5c00000,0x00000000d5c00000,0x00000000eab00000)
  from space 17920K, 37% used [0x00000000ebc00000,0x00000000ec293710,0x00000000ecd80000)
  to   space 17408K, 0% used [0x00000000eab00000,0x00000000eab00000,0x00000000ebc00000)
 ParOldGen       total 96768K, used 33850K [0x0000000081400000, 0x0000000087280000, 0x00000000d5c00000)
  object space 96768K, 34% used [0x0000000081400000,0x000000008350e9e8,0x0000000087280000)
 Metaspace       used 48003K, capacity 49258K, committed 49536K, reserved 1093632K
  class space    used 5888K, capacity 6167K, committed 6272K, reserved 1048576K
}

